C:\USERS\ALK\DOCUMENTS\VISUAL STUDIO 2010\PROJECTS\WD\DEBUG\WD.EXE
C:\USERS\ALK\DOCUMENTS\VISUAL STUDIO 2010\PROJECTS\WD\DEBUG\WD.ILK
C:\USERS\ALK\DOCUMENTS\VISUAL STUDIO 2010\PROJECTS\WD\DEBUG\WD.PDB
C:\Users\alk\Documents\Visual Studio 2010\Projects\wd\wd\Debug\cl.command.1.tlog
C:\Users\alk\Documents\Visual Studio 2010\Projects\wd\wd\Debug\CL.read.1.tlog
C:\Users\alk\Documents\Visual Studio 2010\Projects\wd\wd\Debug\CL.write.1.tlog
C:\Users\alk\Documents\Visual Studio 2010\Projects\wd\wd\Debug\link.6776.read.1.tlog
C:\Users\alk\Documents\Visual Studio 2010\Projects\wd\wd\Debug\link.6776.write.1.tlog
C:\Users\alk\Documents\Visual Studio 2010\Projects\wd\wd\Debug\link.6776-cvtres.read.1.tlog
C:\Users\alk\Documents\Visual Studio 2010\Projects\wd\wd\Debug\link.6776-cvtres.write.1.tlog
C:\Users\alk\Documents\Visual Studio 2010\Projects\wd\wd\Debug\link.command.1.tlog
C:\Users\alk\Documents\Visual Studio 2010\Projects\wd\wd\Debug\link.read.1.tlog
C:\Users\alk\Documents\Visual Studio 2010\Projects\wd\wd\Debug\link.write.1.tlog
C:\Users\alk\Documents\Visual Studio 2010\Projects\wd\wd\Debug\link-cvtres.read.1.tlog
C:\Users\alk\Documents\Visual Studio 2010\Projects\wd\wd\Debug\link-cvtres.write.1.tlog
C:\Users\alk\Documents\Visual Studio 2010\Projects\wd\wd\Debug\mt.command.1.tlog
C:\Users\alk\Documents\Visual Studio 2010\Projects\wd\wd\Debug\mt.read.1.tlog
C:\Users\alk\Documents\Visual Studio 2010\Projects\wd\wd\Debug\mt.write.1.tlog
C:\Users\alk\Documents\Visual Studio 2010\Projects\wd\wd\Debug\rc.command.1.tlog
C:\Users\alk\Documents\Visual Studio 2010\Projects\wd\wd\Debug\rc.read.1.tlog
C:\Users\alk\Documents\Visual Studio 2010\Projects\wd\wd\Debug\rc.write.1.tlog
C:\USERS\ALK\DOCUMENTS\VISUAL STUDIO 2010\PROJECTS\WD\WD\DEBUG\STDAFX.OBJ
C:\Users\alk\Documents\Visual Studio 2010\Projects\wd\wd\Debug\vc100.idb
C:\USERS\ALK\DOCUMENTS\VISUAL STUDIO 2010\PROJECTS\WD\WD\DEBUG\VC100.PDB
C:\USERS\ALK\DOCUMENTS\VISUAL STUDIO 2010\PROJECTS\WD\WD\DEBUG\WD.EXE.EMBED.MANIFEST
C:\USERS\ALK\DOCUMENTS\VISUAL STUDIO 2010\PROJECTS\WD\WD\DEBUG\WD.EXE.EMBED.MANIFEST.RES
C:\USERS\ALK\DOCUMENTS\VISUAL STUDIO 2010\PROJECTS\WD\WD\DEBUG\WD.EXE.INTERMEDIATE.MANIFEST
C:\USERS\ALK\DOCUMENTS\VISUAL STUDIO 2010\PROJECTS\WD\WD\DEBUG\WD.OBJ
C:\Users\alk\Documents\Visual Studio 2010\Projects\wd\wd\Debug\wd.vcxprojResolveAssemblyReference.cache
C:\Users\alk\Documents\Visual Studio 2010\Projects\wd\wd\Debug\wd.write.1.tlog
C:\Users\alk\Documents\Visual Studio 2010\Projects\wd\wd\Debug\wd_manifest.rc
